[ 2025-10-29 12:48:57,094] 1025 httpx - INFO - HTTP Request: GET https://dagshub.com/api/v1/user "HTTP/1.1 200 OK"
[ 2025-10-29 12:48:57,105] 107 dagshub - INFO - Accessing as luckyl2829893
[ 2025-10-29 12:48:58,625] 1025 httpx - INFO - HTTP Request: GET https://dagshub.com/api/v1/repos/luckyl2829893/networksecurity "HTTP/1.1 200 OK"
[ 2025-10-29 12:49:00,176] 1025 httpx - INFO - HTTP Request: GET https://dagshub.com/api/v1/user "HTTP/1.1 200 OK"
[ 2025-10-29 12:49:00,181] 107 dagshub - INFO - Initialized MLflow to track repo "luckyl2829893/networksecurity"
[ 2025-10-29 12:49:00,182] 107 dagshub - INFO - Repository luckyl2829893/networksecurity initialized!
[ 2025-10-29 12:49:00,183] 20 root - INFO - Initiate the data ingestion
[ 2025-10-29 12:49:09,931] 65 root - INFO - Performed train test split on the dataframe
[ 2025-10-29 12:49:09,931] 67 root - INFO - Exited split_data_as_train_test method of Data_Ingestion class
[ 2025-10-29 12:49:09,932] 75 root - INFO - Exporting train and test file path.
[ 2025-10-29 12:49:09,994] 84 root - INFO - Exported train and test file path.
[ 2025-10-29 12:49:09,995] 22 root - INFO - Data Initiation Completed
[ 2025-10-29 12:49:10,001] 26 root - INFO - Initiate the data Validation
[ 2025-10-29 12:49:10,112] 32 root - INFO - Required number of columns:2
[ 2025-10-29 12:49:10,112] 33 root - INFO - Data frame has columns:31
[ 2025-10-29 12:49:10,112] 32 root - INFO - Required number of columns:2
[ 2025-10-29 12:49:10,112] 33 root - INFO - Data frame has columns:31
[ 2025-10-29 12:49:10,316] 28 root - INFO - data Validation Completed
[ 2025-10-29 12:49:10,316] 31 root - INFO - data Transformation started
[ 2025-10-29 12:49:10,317] 63 root - INFO - Entered initiate_data_transformation method of DataTransformation class
[ 2025-10-29 12:49:10,317] 65 root - INFO - Starting data transformation
[ 2025-10-29 12:49:10,352] 48 root - INFO - Entered get_data_trnasformer_object method of Trnasformation class
[ 2025-10-29 12:49:10,352] 53 root - INFO - Initialise KNNImputer with {'missing_values': nan, 'n_neighbors': 3, 'weights': 'uniform'}
[ 2025-10-29 12:49:10,409] 46 root - INFO - Entered the save_object method of MainUtils class
[ 2025-10-29 12:49:10,417] 50 root - INFO - Exited the save_object method of MainUtils class
[ 2025-10-29 12:49:10,417] 46 root - INFO - Entered the save_object method of MainUtils class
[ 2025-10-29 12:49:10,425] 50 root - INFO - Exited the save_object method of MainUtils class
[ 2025-10-29 12:49:10,428] 35 root - INFO - data Transformation completed
[ 2025-10-29 12:49:10,428] 37 root - INFO - Model Training sstared
[ 2025-10-29 12:53:42,063] 46 root - INFO - Entered the save_object method of MainUtils class
[ 2025-10-29 12:53:42,111] 50 root - INFO - Exited the save_object method of MainUtils class
[ 2025-10-29 12:53:42,111] 46 root - INFO - Entered the save_object method of MainUtils class
[ 2025-10-29 12:53:42,160] 50 root - INFO - Exited the save_object method of MainUtils class
[ 2025-10-29 12:53:42,161] 150 root - INFO - Model trainer artifact: ModelTrainerArtifact(trained_model_file_path='Artifacts\\10_29_2025_12_48_31\\model_trainer\\trained_model\\model.pkl', train_metric_artifact=ClassificationMetricArtifact(f1_score=0.991727199354318, precision_score=0.9899295065458208, recall_score=0.9935314331918335), test_metric_artifact=ClassificationMetricArtifact(f1_score=0.9733278621255642, precision_score=0.9665851670741646, recall_score=0.9801652892561984))
[ 2025-10-29 12:53:42,166] 42 root - INFO - Model Training artifact created
