[ 2025-11-09 15:15:44,044] 1025 httpx - INFO - HTTP Request: GET https://dagshub.com/api/v1/user "HTTP/1.1 200 OK"
[ 2025-11-09 15:15:44,049] 107 dagshub - INFO - Accessing as luckyl2829893
[ 2025-11-09 15:15:44,988] 1025 httpx - INFO - HTTP Request: GET https://dagshub.com/api/v1/repos/luckyl2829893/networksecurity "HTTP/1.1 200 OK"
[ 2025-11-09 15:15:45,852] 1025 httpx - INFO - HTTP Request: GET https://dagshub.com/api/v1/user "HTTP/1.1 200 OK"
[ 2025-11-09 15:15:45,853] 107 dagshub - INFO - Initialized MLflow to track repo "luckyl2829893/networksecurity"
[ 2025-11-09 15:15:45,853] 107 dagshub - INFO - Repository luckyl2829893/networksecurity initialized!
[ 2025-11-09 15:17:18,406] 42 root - INFO - Start data Ingestion
[ 2025-11-09 15:17:21,003] 65 root - INFO - Performed train test split on the dataframe
[ 2025-11-09 15:17:21,003] 67 root - INFO - Exited split_data_as_train_test method of Data_Ingestion class
[ 2025-11-09 15:17:21,003] 75 root - INFO - Exporting train and test file path.
[ 2025-11-09 15:17:21,041] 84 root - INFO - Exported train and test file path.
[ 2025-11-09 15:17:21,041] 45 root - INFO - Data Ingestion completed and artifact: DataIngestionArtifact(trained_file_path='Artifacts\\11_09_2025_15_15_41\\data_ingestion\\ingested\\train.csv', test_file_path='Artifacts\\11_09_2025_15_15_41\\data_ingestion\\ingested\\test.csv')
[ 2025-11-09 15:17:21,044] 55 root - INFO - Initiate the data Validation
[ 2025-11-09 15:17:21,120] 32 root - INFO - Required number of columns:2
[ 2025-11-09 15:17:21,120] 33 root - INFO - Data frame has columns:31
[ 2025-11-09 15:17:21,120] 32 root - INFO - Required number of columns:2
[ 2025-11-09 15:17:21,120] 33 root - INFO - Data frame has columns:31
[ 2025-11-09 15:17:21,216] 63 root - INFO - Entered initiate_data_transformation method of DataTransformation class
[ 2025-11-09 15:17:21,216] 65 root - INFO - Starting data transformation
[ 2025-11-09 15:17:21,232] 48 root - INFO - Entered get_data_trnasformer_object method of Trnasformation class
[ 2025-11-09 15:17:21,232] 53 root - INFO - Initialise KNNImputer with {'missing_values': nan, 'n_neighbors': 3, 'weights': 'uniform'}
[ 2025-11-09 15:17:21,242] 46 root - INFO - Entered the save_object method of MainUtils class
[ 2025-11-09 15:17:21,243] 50 root - INFO - Exited the save_object method of MainUtils class
[ 2025-11-09 15:17:21,243] 46 root - INFO - Entered the save_object method of MainUtils class
[ 2025-11-09 15:17:21,246] 50 root - INFO - Exited the save_object method of MainUtils class
[ 2025-11-09 15:19:51,638] 46 root - INFO - Entered the save_object method of MainUtils class
[ 2025-11-09 15:19:51,641] 50 root - INFO - Exited the save_object method of MainUtils class
[ 2025-11-09 15:19:51,641] 46 root - INFO - Entered the save_object method of MainUtils class
[ 2025-11-09 15:19:51,647] 50 root - INFO - Exited the save_object method of MainUtils class
[ 2025-11-09 15:19:51,647] 150 root - INFO - Model trainer artifact: ModelTrainerArtifact(trained_model_file_path='Artifacts\\11_09_2025_15_15_41\\model_trainer\\trained_model\\model.pkl', train_metric_artifact=ClassificationMetricArtifact(f1_score=0.9911952231555511, precision_score=0.9878959047811177, recall_score=0.9945166531275386), test_metric_artifact=ClassificationMetricArtifact(f1_score=0.9714744877460828, precision_score=0.9625796178343949, recall_score=0.9805352798053528))
