[ 2025-10-29 00:29:41,657] 1025 httpx - INFO - HTTP Request: GET https://dagshub.com/api/v1/user "HTTP/1.1 200 OK"
[ 2025-10-29 00:29:41,663] 107 dagshub - INFO - Accessing as luckyl2829893
[ 2025-10-29 00:29:42,868] 1025 httpx - INFO - HTTP Request: GET https://dagshub.com/api/v1/repos/luckyl2829893/networksecurity "HTTP/1.1 200 OK"
[ 2025-10-29 00:29:43,987] 1025 httpx - INFO - HTTP Request: GET https://dagshub.com/api/v1/user "HTTP/1.1 200 OK"
[ 2025-10-29 00:29:43,989] 107 dagshub - INFO - Initialized MLflow to track repo "luckyl2829893/networksecurity"
[ 2025-10-29 00:29:43,990] 107 dagshub - INFO - Repository luckyl2829893/networksecurity initialized!
[ 2025-10-29 00:29:43,993] 20 root - INFO - Initiate the data ingestion
[ 2025-10-29 00:29:46,846] 65 root - INFO - Performed train test split on the dataframe
[ 2025-10-29 00:29:46,847] 67 root - INFO - Exited split_data_as_train_test method of Data_Ingestion class
[ 2025-10-29 00:29:46,847] 75 root - INFO - Exporting train and test file path.
[ 2025-10-29 00:29:46,877] 84 root - INFO - Exported train and test file path.
[ 2025-10-29 00:29:46,878] 22 root - INFO - Data Initiation Completed
[ 2025-10-29 00:29:46,899] 26 root - INFO - Initiate the data Validation
[ 2025-10-29 00:29:46,976] 32 root - INFO - Required number of columns:2
[ 2025-10-29 00:29:46,976] 33 root - INFO - Data frame has columns:31
[ 2025-10-29 00:29:46,976] 32 root - INFO - Required number of columns:2
[ 2025-10-29 00:29:46,976] 33 root - INFO - Data frame has columns:31
[ 2025-10-29 00:29:47,075] 28 root - INFO - data Validation Completed
[ 2025-10-29 00:29:47,075] 31 root - INFO - data Transformation started
[ 2025-10-29 00:29:47,075] 63 root - INFO - Entered initiate_data_transformation method of DataTransformation class
[ 2025-10-29 00:29:47,075] 65 root - INFO - Starting data transformation
[ 2025-10-29 00:29:47,090] 48 root - INFO - Entered get_data_trnasformer_object method of Trnasformation class
[ 2025-10-29 00:29:47,090] 53 root - INFO - Initialise KNNImputer with {'missing_values': nan, 'n_neighbors': 3, 'weights': 'uniform'}
[ 2025-10-29 00:29:47,099] 46 root - INFO - Entered the save_object method of MainUtils class
[ 2025-10-29 00:29:47,101] 50 root - INFO - Exited the save_object method of MainUtils class
[ 2025-10-29 00:29:47,101] 46 root - INFO - Entered the save_object method of MainUtils class
[ 2025-10-29 00:29:47,103] 50 root - INFO - Exited the save_object method of MainUtils class
[ 2025-10-29 00:29:47,103] 35 root - INFO - data Transformation completed
[ 2025-10-29 00:29:47,103] 37 root - INFO - Model Training sstared
[ 2025-10-29 00:31:59,490] 46 root - INFO - Entered the save_object method of MainUtils class
[ 2025-10-29 00:31:59,495] 50 root - INFO - Exited the save_object method of MainUtils class
[ 2025-10-29 00:31:59,495] 46 root - INFO - Entered the save_object method of MainUtils class
[ 2025-10-29 00:31:59,498] 50 root - INFO - Exited the save_object method of MainUtils class
[ 2025-10-29 00:31:59,498] 150 root - INFO - Model trainer artifact: ModelTrainerArtifact(trained_model_file_path='Artifacts\\10_29_2025_00_29_26\\model_trainer\\trained_model\\model.pkl', train_metric_artifact=ClassificationMetricArtifact(f1_score=0.9910167415271539, precision_score=0.9887960888164595, recall_score=0.9932473910374463), test_metric_artifact=ClassificationMetricArtifact(f1_score=0.974499803844645, precision_score=0.9710711493354183, recall_score=0.9779527559055118))
[ 2025-10-29 00:31:59,499] 42 root - INFO - Model Training artifact created
