[ 2025-11-09 14:42:58,399] 1025 httpx - INFO - HTTP Request: GET https://dagshub.com/api/v1/user "HTTP/1.1 200 OK"
[ 2025-11-09 14:42:58,405] 107 dagshub - INFO - Accessing as luckyl2829893
[ 2025-11-09 14:42:59,339] 1025 httpx - INFO - HTTP Request: GET https://dagshub.com/api/v1/repos/luckyl2829893/networksecurity "HTTP/1.1 200 OK"
[ 2025-11-09 14:43:00,229] 1025 httpx - INFO - HTTP Request: GET https://dagshub.com/api/v1/user "HTTP/1.1 200 OK"
[ 2025-11-09 14:43:00,234] 107 dagshub - INFO - Initialized MLflow to track repo "luckyl2829893/networksecurity"
[ 2025-11-09 14:43:00,235] 107 dagshub - INFO - Repository luckyl2829893/networksecurity initialized!
[ 2025-11-09 14:43:00,236] 20 root - INFO - Initiate the data ingestion
[ 2025-11-09 14:43:03,702] 65 root - INFO - Performed train test split on the dataframe
[ 2025-11-09 14:43:03,702] 67 root - INFO - Exited split_data_as_train_test method of Data_Ingestion class
[ 2025-11-09 14:43:03,703] 75 root - INFO - Exporting train and test file path.
[ 2025-11-09 14:43:03,735] 84 root - INFO - Exported train and test file path.
[ 2025-11-09 14:43:03,736] 22 root - INFO - Data Initiation Completed
[ 2025-11-09 14:43:03,748] 26 root - INFO - Initiate the data Validation
[ 2025-11-09 14:43:03,829] 32 root - INFO - Required number of columns:2
[ 2025-11-09 14:43:03,829] 33 root - INFO - Data frame has columns:31
[ 2025-11-09 14:43:03,829] 32 root - INFO - Required number of columns:2
[ 2025-11-09 14:43:03,830] 33 root - INFO - Data frame has columns:31
[ 2025-11-09 14:43:03,921] 28 root - INFO - data Validation Completed
[ 2025-11-09 14:43:03,922] 31 root - INFO - data Transformation started
[ 2025-11-09 14:43:03,922] 63 root - INFO - Entered initiate_data_transformation method of DataTransformation class
[ 2025-11-09 14:43:03,922] 65 root - INFO - Starting data transformation
[ 2025-11-09 14:43:03,937] 48 root - INFO - Entered get_data_trnasformer_object method of Trnasformation class
[ 2025-11-09 14:43:03,937] 53 root - INFO - Initialise KNNImputer with {'missing_values': nan, 'n_neighbors': 3, 'weights': 'uniform'}
[ 2025-11-09 14:43:03,946] 46 root - INFO - Entered the save_object method of MainUtils class
[ 2025-11-09 14:43:03,948] 50 root - INFO - Exited the save_object method of MainUtils class
[ 2025-11-09 14:43:03,948] 46 root - INFO - Entered the save_object method of MainUtils class
[ 2025-11-09 14:43:03,950] 50 root - INFO - Exited the save_object method of MainUtils class
[ 2025-11-09 14:43:03,952] 35 root - INFO - data Transformation completed
[ 2025-11-09 14:43:03,952] 37 root - INFO - Model Training sstared
[ 2025-11-09 14:45:14,772] 46 root - INFO - Entered the save_object method of MainUtils class
[ 2025-11-09 14:45:14,803] 50 root - INFO - Exited the save_object method of MainUtils class
[ 2025-11-09 14:45:14,803] 46 root - INFO - Entered the save_object method of MainUtils class
[ 2025-11-09 14:45:14,828] 50 root - INFO - Exited the save_object method of MainUtils class
[ 2025-11-09 14:45:14,828] 150 root - INFO - Model trainer artifact: ModelTrainerArtifact(trained_model_file_path='Artifacts\\11_09_2025_14_42_42\\model_trainer\\trained_model\\model.pkl', train_metric_artifact=ClassificationMetricArtifact(f1_score=0.9910732400081153, precision_score=0.9902696128116765, recall_score=0.9918781725888325), test_metric_artifact=ClassificationMetricArtifact(f1_score=0.9794105773112636, precision_score=0.97429718875502, recall_score=0.984577922077922))
[ 2025-11-09 14:45:14,830] 42 root - INFO - Model Training artifact created
